  [1m[36m (6.4ms)[0m  [1mCREATE TABLE "schema_migrations" ("version" character varying(255) NOT NULL) [0m
  [1m[35m (2.1ms)[0m  CREATE UNIQUE INDEX  "unique_schema_migrations" ON "schema_migrations"  ("version")
  [1m[36mActiveRecord::SchemaMigration Load (0.5ms)[0m  [1mSELECT "schema_migrations".* FROM "schema_migrations"[0m


Started GET "/" for 127.0.0.1 at 2014-01-24 11:40:53 +0000
Processing by Rails::WelcomeController#index as HTML
  Rendered /Users/astux7/.rvm/gems/ruby-2.0.0-p247/gems/railties-4.1.0.beta1/lib/rails/templates/rails/welcome/index.html.erb (2.5ms)
Completed 200 OK in 32ms (Views: 11.9ms | ActiveRecord: 0.0ms)


Started GET "/posts/new" for 127.0.0.1 at 2014-01-24 11:41:00 +0000
Processing by PostsController#new as HTML
  Rendered posts/new.html.erb within layouts/application (0.5ms)
Completed 200 OK in 789ms (Views: 788.3ms | ActiveRecord: 0.0ms)


Started GET "/assets/posts.css?body=1" for 127.0.0.1 at 2014-01-24 11:41:01 +0000


Started GET "/assets/posts.js?body=1" for 127.0.0.1 at 2014-01-24 11:41:01 +0000


Started GET "/assets/jquery.js?body=1" for 127.0.0.1 at 2014-01-24 11:41:01 +0000


Started GET "/assets/application.css?body=1" for 127.0.0.1 at 2014-01-24 11:41:01 +0000


Started GET "/assets/turbolinks.js?body=1" for 127.0.0.1 at 2014-01-24 11:41:01 +0000


Started GET "/assets/jquery_ujs.js?body=1" for 127.0.0.1 at 2014-01-24 11:41:01 +0000


Started GET "/assets/application.js?body=1" for 127.0.0.1 at 2014-01-24 11:41:01 +0000


Started GET "/posts/new" for 127.0.0.1 at 2014-01-24 11:41:24 +0000
Processing by PostsController#new as HTML
  Rendered posts/new.html.erb within layouts/application (5.8ms)
Completed 500 Internal Server Error in 10ms

ActionView::Template::Error (First argument in form cannot contain nil or be empty):
    1: 
    2: 
    3: <%= form_for @posts, :html => { :class => 'form-horizontal' } do |f| %>
    4:   <div class="control-group">
    5:     <%= f.label :name, :class => 'control-label' %>
    6:     <div class="controls">
  app/views/posts/new.html.erb:3:in `_app_views_posts_new_html_erb___491908705471793642_70123900918740'


  Rendered /Users/astux7/.rvm/gems/ruby-2.0.0-p247/gems/actionpack-4.1.0.beta1/lib/action_dispatch/middleware/templates/rescues/_trace.html.erb (41.0ms)
  Rendered /Users/astux7/.rvm/gems/ruby-2.0.0-p247/gems/actionpack-4.1.0.beta1/lib/action_dispatch/middleware/templates/rescues/_request_and_response.html.erb (1.6ms)
  Rendered /Users/astux7/.rvm/gems/ruby-2.0.0-p247/gems/actionpack-4.1.0.beta1/lib/action_dispatch/middleware/templates/rescues/template_error.html.erb within rescues/layout (59.3ms)


Started GET "/posts/new" for 127.0.0.1 at 2014-01-24 11:43:06 +0000
Processing by PostsController#new as HTML
  Rendered posts/new.html.erb within layouts/application (4.7ms)
Completed 500 Internal Server Error in 92ms

ActionView::Template::Error (First argument in form cannot contain nil or be empty):
    1: 
    2: 
    3: 
    4: <%= form_for @posts, :html => { :class => 'form-horizontal' } do |f| %>
    5:   <div class="control-group">
    6:     <%= f.label :name, :class => 'control-label' %>
    7:     <div class="controls">
  app/views/posts/new.html.erb:4:in `_app_views_posts_new_html_erb__2453645450964843341_70267235452800'


  Rendered /Users/astux7/.rvm/gems/ruby-2.0.0-p247/gems/actionpack-4.1.0.beta1/lib/action_dispatch/middleware/templates/rescues/_trace.html.erb (1.7ms)
  Rendered /Users/astux7/.rvm/gems/ruby-2.0.0-p247/gems/actionpack-4.1.0.beta1/lib/action_dispatch/middleware/templates/rescues/_request_and_response.html.erb (1.2ms)
  Rendered /Users/astux7/.rvm/gems/ruby-2.0.0-p247/gems/actionpack-4.1.0.beta1/lib/action_dispatch/middleware/templates/rescues/template_error.html.erb within rescues/layout (18.6ms)
  [1m[36mActiveRecord::SchemaMigration Load (0.8ms)[0m  [1mSELECT "schema_migrations".* FROM "schema_migrations"[0m
Migrating to CreatePosts (20140124114719)
  [1m[35m (0.3ms)[0m  BEGIN
  [1m[36m (18.1ms)[0m  [1mCREATE TABLE "posts" ("id" serial primary key, "title" character varying(255), "content" text, "created_at" timestamp, "updated_at" timestamp) [0m
  [1m[35mSQL (1.1ms)[0m  INSERT INTO "schema_migrations" ("version") VALUES ($1)  [["version", "20140124114719"]]
  [1m[36m (1.5ms)[0m  [1mCOMMIT[0m
  [1m[35mActiveRecord::SchemaMigration Load (0.4ms)[0m  SELECT "schema_migrations".* FROM "schema_migrations"


Started GET "/posts/new" for 127.0.0.1 at 2014-01-24 11:48:53 +0000
  [1m[36mActiveRecord::SchemaMigration Load (0.7ms)[0m  [1mSELECT "schema_migrations".* FROM "schema_migrations"[0m
Processing by PostsController#new as HTML
  Rendered posts/new.html.erb within layouts/application (19.2ms)
Completed 200 OK in 108ms (Views: 101.3ms | ActiveRecord: 2.8ms)


Started GET "/assets/application.css?body=1" for 127.0.0.1 at 2014-01-24 11:48:53 +0000


Started GET "/assets/posts.css?body=1" for 127.0.0.1 at 2014-01-24 11:48:53 +0000


Started GET "/assets/jquery.js?body=1" for 127.0.0.1 at 2014-01-24 11:48:53 +0000


Started GET "/assets/turbolinks.js?body=1" for 127.0.0.1 at 2014-01-24 11:48:53 +0000


Started GET "/assets/posts.js?body=1" for 127.0.0.1 at 2014-01-24 11:48:53 +0000


Started GET "/assets/jquery_ujs.js?body=1" for 127.0.0.1 at 2014-01-24 11:48:53 +0000


Started GET "/assets/application.js?body=1" for 127.0.0.1 at 2014-01-24 11:48:53 +0000
